# ====================================================
# MECHAUTOMATION SUPERNOVA ERROR LOG v5.4.2
# Registro de eventos críticos del sistema
# Formato: [TIMESTAMP] [ERROR_CODE] [DIMENSION] [SEVERITY] [COMPONENT] "[MESSAGE]" [QUANTUM_SIGNATURE]
# ====================================================

# ENCABEZADO DEL SISTEMA
# Sistema: MechBot 2.0 - Quantum Core
# Nivel de Registro: CATASTROPHIC ONLY
# Umbral de Error: >0.9 en escala de singularidad
# Checksum: 7b3f8a2e1d9c4b6a5f4d3c2b1a0e9d8

[2248-11-23T08:43:01.005Z] ERR-Q7-88421 DIM-7 0.95 DATA_CORE "Colapso parcial del núcleo de datos - Sector 7C corrupto" SIG-Q7-22481123084301005
[2248-11-23T08:52:33.445Z] ERR-S3-88422 DIM-3 0.91 SECURITY "Intento de intrusión detectado - Protocolo Tholian no autorizado" SIG-Q3-22481123085233445
[2248-11-23T08:57:19.876Z] ERR-T7-88423 DIM-7 0.93 TEMPORAL "Anomalía temporal crítica - Retroceso +3.2s detectado" SIG-Q7-22481123085719876
[2248-11-23T09:07:33.224Z] ERR-L7-88424 DIM-7 0.97 QUANTUM "Fuga cuántica en sector 7E - Nivel 0.00045Q" SIG-Q7-22481123090733224
[2248-11-23T09:22:33.556Z] ERR-C7-88425 DIM-7 0.99 COM "Pérdida total de comunicaciones - Subsistema 4A-7C offline" SIG-Q7-22481123092233556
[2248-11-23T09:35:25.447Z] ERR-D11-88426 DIM-11 0.94 REALITY "Inestabilidad dimensional crítica - Nivel 0.88" SIG-Q11-22481123093525447

# ANÁLISIS POST-CATASTROFE
[2248-11-23T08:43:05.221Z] RCVR-Q7-88421 DIM-7 SUCCESS "Recuperación completa del núcleo de datos - 100% integridad" SIG-Q7-22481123084305221
[2248-11-23T08:52:35.112Z] RCVR-S3-88422 DIM-3 SUCCESS "Contención de amenaza Tholian - Modo diplomático activado" SIG-Q3-22481123085235112
[2248-11-23T08:57:22.005Z] RCVR-T7-88423 DIM-7 SUCCESS "Continuum temporal restablecido - Deriva 12ms" SIG-Q7-22481123085722005
[2248-11-23T09:07:35.771Z] RCVR-L7-88424 DIM-7 SUCCESS "Fuga cuántica contenida - Nivel residual 0.00001Q" SIG-Q7-22481123090735771
[2248-11-23T09:22:35.115Z] RCVR-C7-88425 DIM-7 SUCCESS "Comunicaciones restablecidas - Downtime 1.56s" SIG-Q7-22481123092235115
[2248-11-23T09:35:28.001Z] RCVR-D11-88426 DIM-11 SUCCESS "Estabilidad dimensional recuperada - Nivel 0.91" SIG-Q11-22481123093528001

# METRICAS FINALES
# Total errores catastróficos: 6
# Tasa de recuperación exitosa: 100%
# Tiempo promedio de recuperación: 2.34s
# Dimensión con más errores: DIM-7 (4)
# Checksum final: d8e9a0b1c2d3f4e5a6b4c9d1e2f8a3b7
